[3gH    H    H    H    H    H    H    H    H    H    H    H    H    H    H    H    H    H    H    H   [INFO] Using python from: /home/hp/miniconda3/envs/isaac-lab/bin/python
MESA: warning: Driver does not support the 0x7d67 PCI ID.
MESA: warning: Driver does not support the 0x7d67 PCI ID.
[INFO][AppLauncher]: Using device: cuda:0
[INFO][AppLauncher]: Loading experience file: /home/hp/IsaacLab/apps/isaaclab.python.headless.kit
[INFO]: Parsing configuration from: doggo_tasks.flat_env_cfg:DoggoFlatEnvCfg
[INFO]: Parsing configuration from: doggo_tasks.agents.rsl_rl_ppo_cfg:DoggoFlatPPORunnerCfg
[WARNING]: The `policy` configuration is deprecated for rsl-rl >= 4.0.0. Please use, e.g., `actor` and `critic` model configurations instead.
[WARNING]: The `policy` configuration is used to infer the `actor` model configuration.
[WARNING]: The `policy` configuration is used to infer the `critic` model configuration.
[WARNING]: The `distribution_cfg` configuration is now used to specify the output distribution for stochastic policies. Consider updating the configuration to use `distribution_cfg` instead of `stochastic`, `init_noise_std`, `noise_std_type`, and `state_dependent_std` parameters.
[INFO] Logging experiment in directory: /home/hp/IsaacLab/logs/rsl_rl/doggo_flat
Exact experiment name requested from command line: 2026-04-26_16-18-38

[36m======================================================================================[0m
[36m[1m[INFO][IsaacLab]: Logging to file: /tmp/isaaclab/logs/isaaclab_2026-04-26_16-18-38.log[0m
[36m======================================================================================[0m

[33m16:18:38 [simulation_context.py] WARNING: The `enable_external_forces_every_iteration` parameter in the PhysxCfg is set to False. If you are experiencing noisy velocities, consider enabling this flag. You may need to slightly increase the number of velocity iterations (setting it to 1 or 2 rather than 0), together with this flag, to improve the accuracy of velocity updates.[0m
/home/hp/miniconda3/envs/isaac-lab/lib/python3.11/site-packages/rsl_rl/utils/utils.py:220: UserWarning: The observation configuration dictionary 'obs_groups' is empty and thus likely not configured. Consider configuring the 'obs_groups' dictionary explicitly
  warnings.warn(
/home/hp/miniconda3/envs/isaac-lab/lib/python3.11/site-packages/rsl_rl/utils/utils.py:251: UserWarning: The observation configuration dictionary 'obs_groups' does not contain the 'actor' key. As an observation group with the name 'policy' was found, this is assumed to be the appropriate observation. Consider adding the 'actor' key to the 'obs_groups' dictionary for clarity. This behavior will be removed in a future version.
  warnings.warn(
/home/hp/miniconda3/envs/isaac-lab/lib/python3.11/site-packages/rsl_rl/utils/utils.py:251: UserWarning: The observation configuration dictionary 'obs_groups' does not contain the 'critic' key. As an observation group with the name 'policy' was found, this is assumed to be the appropriate observation. Consider adding the 'critic' key to the 'obs_groups' dictionary for clarity. This behavior will be removed in a future version.
  warnings.warn(
[INFO]: Base environment:
	Environment device    : cuda:0
	Environment seed      : 42
	Physics step-size     : 0.002
	Rendering step-size   : 0.02
	Environment step-size : 0.02
[INFO] Generating terrains randomly took : 0.367111 seconds
[INFO]: Time taken for scene creation : 3.733524 seconds
[INFO]: Scene manager:  <class InteractiveScene>
	Number of environments: 4096
	Environment spacing   : 2.5
	Source prim name      : /World/envs/env_0
	Global prim paths     : ['/World/ground']
	Replicate physics     : True
[INFO]: Starting the simulation. This may take a few seconds. Please wait...
[INFO]: Time taken for simulation start : 2.719025 seconds
[INFO] Command Manager:  <CommandManager> contains 1 active terms.
+------------------------------------------------+
|              Active Command Terms              |
+-------+---------------+------------------------+
| Index | Name          |          Type          |
+-------+---------------+------------------------+
|   0   | base_velocity | UniformVelocityCommand |
+-------+---------------+------------------------+

[INFO] Event Manager:  <EventManager> contains 3 active terms.
+--------------------------------------+
| Active Event Terms in Mode: 'startup' |
+----------+---------------------------+
|  Index   | Name                      |
+----------+---------------------------+
|    0     | physics_material          |
|    1     | add_base_mass             |
+----------+---------------------------+
+---------------------------------------+
|  Active Event Terms in Mode: 'reset'  |
+--------+------------------------------+
| Index  | Name                         |
+--------+------------------------------+
|   0    | base_external_force_torque   |
|   1    | reset_base                   |
|   2    | reset_robot_joints           |
+--------+------------------------------+
+----------------------------------------------+
|    Active Event Terms in Mode: 'interval'    |
+-------+------------+-------------------------+
| Index | Name       | Interval time range (s) |
+-------+------------+-------------------------+
|   0   | push_robot |       (10.0, 15.0)      |
+-------+------------+-------------------------+

[INFO] Recorder Manager:  <RecorderManager> contains 0 active terms.
+---------------------+
| Active Recorder Terms |
+-----------+---------+
|   Index   | Name    |
+-----------+---------+
+-----------+---------+

[INFO] Action Manager:  <ActionManager> contains 1 active terms.
+------------------------------------+
|  Active Action Terms (shape: 12)   |
+--------+-------------+-------------+
| Index  | Name        |   Dimension |
+--------+-------------+-------------+
|   0    | joint_pos   |          12 |
+--------+-------------+-------------+

[INFO] Observation Manager: <ObservationManager> contains 1 groups.
+---------------------------------------------------------+
| Active Observation Terms in Group: 'policy' (shape: (48,)) |
+-----------+---------------------------------+-----------+
|   Index   | Name                            |   Shape   |
+-----------+---------------------------------+-----------+
|     0     | base_lin_vel                    |    (3,)   |
|     1     | base_ang_vel                    |    (3,)   |
|     2     | projected_gravity               |    (3,)   |
|     3     | velocity_commands               |    (3,)   |
|     4     | joint_pos                       |   (12,)   |
|     5     | joint_vel                       |   (12,)   |
|     6     | actions                         |   (12,)   |
+-----------+---------------------------------+-----------+

[INFO] Termination Manager:  <TerminationManager> contains 3 active terms.
+------------------------------------------+
|         Active Termination Terms         |
+-------+-----------------------+----------+
| Index | Name                  | Time Out |
+-------+-----------------------+----------+
|   0   | time_out              |   True   |
|   1   | body_contact          |  False   |
|   2   | terrain_out_of_bounds |   True   |
+-------+-----------------------+----------+

[INFO] Reward Manager:  <RewardManager> contains 14 active terms.
+-----------------------------------------+
|           Active Reward Terms           |
+-------+-----------------------+---------+
| Index | Name                  |  Weight |
+-------+-----------------------+---------+
|   0   | air_time              |     5.0 |
|   1   | base_angular_velocity |     5.0 |
|   2   | base_linear_velocity  |     5.0 |
|   3   | foot_clearance        |     0.5 |
|   4   | gait                  |    10.0 |
|   5   | action_smoothness     |    -1.0 |
|   6   | air_time_variance     |    -1.0 |
|   7   | base_motion           |    -2.0 |
|   8   | base_orientation      |    -3.0 |
|   9   | foot_slip             |    -0.5 |
|   10  | joint_acc             | -0.0001 |
|   11  | joint_pos             |    -0.7 |
|   12  | joint_torques         | -0.0005 |
|   13  | joint_vel             |   -0.01 |
+-------+-----------------------+---------+

[INFO] Curriculum Manager:  <CurriculumManager> contains 1 active terms.
+---------------------------+
|  Active Curriculum Terms  |
+--------+------------------+
| Index  | Name             |
+--------+------------------+
|   0    | terrain_levels   |
+--------+------------------+

[INFO]: Completed setting up the environment...
--------------------------------------------------------------------------------
Resolved observation sets: 
	 actor :  ['policy']
	 critic :  ['policy']
--------------------------------------------------------------------------------
Actor Model: MLPModel(
  (obs_normalizer): Identity()
  (distribution): GaussianDistribution()
  (mlp): MLP(
    (0): Linear(in_features=48, out_features=512, bias=True)
    (1): ELU(alpha=1.0)
    (2): Linear(in_features=512, out_features=256, bias=True)
    (3): ELU(alpha=1.0)
    (4): Linear(in_features=256, out_features=128, bias=True)
    (5): ELU(alpha=1.0)
    (6): Linear(in_features=128, out_features=12, bias=True)
  )
)
Critic Model: MLPModel(
  (obs_normalizer): Identity()
  (mlp): MLP(
    (0): Linear(in_features=48, out_features=512, bias=True)
    (1): ELU(alpha=1.0)
    (2): Linear(in_features=512, out_features=256, bias=True)
    (3): ELU(alpha=1.0)
    (4): Linear(in_features=256, out_features=128, bias=True)
    (5): ELU(alpha=1.0)
    (6): Linear(in_features=128, out_features=1, bias=True)
  )
)
Could not find git repository in /home/hp/miniconda3/envs/isaac-lab/lib/python3.11/site-packages/rsl_rl/__init__.py. Skipping.
Storing git diff for 'IsaacLab' in: /home/hp/IsaacLab/logs/rsl_rl/doggo_flat/2026-04-26_16-18-38/git/IsaacLab.diff
################################################################################
[1m                           Learning iteration 0/20000                           [0m 

                            Total steps: 98304 
                       Steps per second: 18612 
                        Collection time: 5.050s 
                          Learning time: 0.231s 
                        Mean value loss: 0.1097
                    Mean surrogate loss: 0.0087
                      Mean entropy loss: 16.9940
                            Mean reward: 0.37
                    Mean episode length: 12.03
                        Mean action std: 1.00
                Episode_Reward/air_time: 0.0169
   Episode_Reward/base_angular_velocity: 0.0270
    Episode_Reward/base_linear_velocity: 0.0129
          Episode_Reward/foot_clearance: 0.0023
                    Episode_Reward/gait: 0.0420
       Episode_Reward/action_smoothness: -0.0420
       Episode_Reward/air_time_variance: -0.0000
             Episode_Reward/base_motion: -0.0291
        Episode_Reward/base_orientation: -0.0024
               Episode_Reward/foot_slip: -0.0008
               Episode_Reward/joint_acc: -0.0008
               Episode_Reward/joint_pos: -0.0028
           Episode_Reward/joint_torques: -0.0001
               Episode_Reward/joint_vel: -0.0015
              Curriculum/terrain_levels: 3.7799
     Metrics/base_velocity/error_vel_xy: 0.0289
    Metrics/base_velocity/error_vel_yaw: 0.0193
           Episode_Termination/time_out: 0.0047
       Episode_Termination/body_contact: 0.5721
Episode_Termination/terrain_out_of_bounds: 0.0000
--------------------------------------------------------------------------------
                         Iteration time: 5.28s
                           Time elapsed: 00:00:05
                                    ETA: 05:20:29

################################################################################
[1m                           Learning iteration 1/20000                           [0m 

                            Total steps: 196608 
                       Steps per second: 18750 
                        Collection time: 5.138s 
                          Learning time: 0.105s 
                        Mean value loss: 0.0683
                    Mean surrogate loss: -0.0069
                      Mean entropy loss: 16.9327
                            Mean reward: 0.47
                    Mean episode length: 12.45
                        Mean action std: 0.99
                Episode_Reward/air_time: 0.0233
   Episode_Reward/base_angular_velocity: 0.0350
    Episode_Reward/base_linear_velocity: 0.0163
          Episode_Reward/foot_clearance: 0.0030
                    Episode_Reward/gait: 0.0481
       Episode_Reward/action_smoothness: -0.0545
       Episode_Reward/air_time_variance: -0.0000
             Episode_Reward/base_motion: -0.0379
        Episode_Reward/base_orientation: -0.0040
               Episode_Reward/foot_slip: -0.0013
               Episode_Reward/joint_acc: -0.0010
               Episode_Reward/joint_pos: -0.0036
           Episode_Reward/joint_torques: -0.0002
               Episode_Reward/joint_vel: -0.0020
              Curriculum/terrain_levels: 2.2573
     Metrics/base_velocity/error_vel_xy: 0.0414
    Metrics/base_velocity/error_vel_yaw: 0.0271
           Episode_Termination/time_out: 0.0005
       Episode_Termination/body_contact: 0.9953
Episode_Termination/terrain_out_of_bounds: 0.0000
--------------------------------------------------------------------------------
                         Iteration time: 5.24s
                           Time elapsed: 00:00:10
                                    ETA: 05:13:55

################################################################################
[1m                           Learning iteration 2/20000                           [0m 

                            Total steps: 294912 
                       Steps per second: 20470 
                        Collection time: 4.688s 
                          Learning time: 0.115s 
                        Mean value loss: 0.0629
                    Mean surrogate loss: -0.0101
                      Mean entropy loss: 16.7982
                            Mean reward: 0.47
                    Mean episode length: 11.48
                        Mean action std: 0.97
                Episode_Reward/air_time: 0.0235
   Episode_Reward/base_angular_velocity: 0.0359
    Episode_Reward/base_linear_velocity: 0.0168
          Episode_Reward/foot_clearance: 0.0031
                    Episode_Reward/gait: 0.0484
       Episode_Reward/action_smoothness: -0.0552
       Episode_Reward/air_time_variance: -0.0000
             Episode_Reward/base_motion: -0.0380
        Episode_Reward/base_orientation: -0.0045
               Episode_Reward/foot_slip: -0.0014
               Episode_Reward/joint_acc: -0.0010
               Episode_Reward/joint_pos: -0.0037
           Episode_Reward/joint_torques: -0.0002
               Episode_Reward/joint_vel: -0.0020
              Curriculum/terrain_levels: 1.1606
     Metrics/base_velocity/error_vel_xy: 0.0422
    Metrics/base_velocity/error_vel_yaw: 0.0278
           Episode_Termination/time_out: 0.0001
       Episode_Termination/body_contact: 0.9991
Episode_Termination/terrain_out_of_bounds: 0.0000
--------------------------------------------------------------------------------
                         Iteration time: 4.80s
                           Time elapsed: 00:00:15
                                    ETA: 04:22:42

################################################################################
[1m                           Learning iteration 3/20000                           [0m 

                            Total steps: 393216 
                       Steps per second: 19519 
                        Collection time: 4.937s 
                          Learning time: 0.099s 
                        Mean value loss: 0.0618
                    Mean surrogate loss: -0.0099
                      Mean entropy loss: 16.5965
                            Mean reward: 0.48
                    Mean episode length: 12.05
                        Mean action std: 0.96
                Episode_Reward/air_time: 0.0234
   Episode_Reward/base_angular_velocity: 0.0360
    Episode_Reward/base_linear_velocity: 0.0168
          Episode_Reward/foot_clearance: 0.0031
                    Episode_Reward/gait: 0.0490
       Episode_Reward/action_smoothness: -0.0544
       Episode_Reward/air_time_variance: -0.0000
             Episode_Reward/base_motion: -0.0374
        Episode_Reward/base_orientation: -0.0045
               Episode_Reward/foot_slip: -0.0014
               Episode_Reward/joint_acc: -0.0010
               Episode_Reward/joint_pos: -0.0037
           Episode_Reward/joint_torques: -0.0002
               Episode_Reward/joint_vel: -0.0020
              Curriculum/terrain_levels: 0.4605
     Metrics/base_velocity/error_vel_xy: 0.0425
    Metrics/base_velocity/error_vel_yaw: 0.0279
           Episode_Termination/time_out: 0.0000
       Episode_Termination/body_contact: 0.9998
Episode_Termination/terrain_out_of_bounds: 0.0000
--------------------------------------------------------------------------------
                         Iteration time: 5.04s
                           Time elapsed: 00:00:20
                                    ETA: 04:16:34

################################################################################
[1m                           Learning iteration 4/20000                           [0m 

                            Total steps: 491520 
                       Steps per second: 21026 
                        Collection time: 4.575s 
                          Learning time: 0.100s 
                        Mean value loss: 0.0616
                    Mean surrogate loss: -0.0091
                      Mean entropy loss: 16.3424
                            Mean reward: 0.60
                    Mean episode length: 12.79
                        Mean action std: 0.94
                Episode_Reward/air_time: 0.0236
   Episode_Reward/base_angular_velocity: 0.0365
    Episode_Reward/base_linear_velocity: 0.0170
          Episode_Reward/foot_clearance: 0.0032
                    Episode_Reward/gait: 0.0496
       Episode_Reward/action_smoothness: -0.0540
       Episode_Reward/air_time_variance: -0.0000
             Episode_Reward/base_motion: -0.0372
        Episode_Reward/base_orientation: -0.0046
               Episode_Reward/foot_slip: -0.0015
               Episode_Reward/joint_acc: -0.0010
               Episode_Reward/joint_pos: -0.0037
           Episode_Reward/joint_torques: -0.0002
               Episode_Reward/joint_vel: -0.0020
              Curriculum/terrain_levels: 0.1280
     Metrics/base_velocity/error_vel_xy: 0.0432
    Metrics/base_velocity/error_vel_yaw: 0.0283
           Episode_Termination/time_out: 0.0000
       Episode_Termination/body_contact: 1.0000
Episode_Termination/terrain_out_of_bounds: 0.0000
--------------------------------------------------------------------------------
                         Iteration time: 4.68s
                           Time elapsed: 00:00:25
                                    ETA: 03:48:47

################################################################################
[1m                           Learning iteration 5/20000                           [0m 

                            Total steps: 589824 
                       Steps per second: 22094 
                        Collection time: 4.349s 
                          Learning time: 0.100s 
                        Mean value loss: 0.0665
                    Mean surrogate loss: -0.0093
                      Mean entropy loss: 16.1060
                            Mean reward: 0.65
                    Mean episode length: 12.05
                        Mean action std: 0.92
                Episode_Reward/air_time: 0.0235
   Episode_Reward/base_angular_velocity: 0.0369
    Episode_Reward/base_linear_velocity: 0.0172
          Episode_Reward/foot_clearance: 0.0032
                    Episode_Reward/gait: 0.0499
       Episode_Reward/action_smoothness: -0.0529
       Episode_Reward/air_time_variance: -0.0000
             Episode_Reward/base_motion: -0.0365
        Episode_Reward/base_orientation: -0.0046
               Episode_Reward/foot_slip: -0.0015
               Episode_Reward/joint_acc: -0.0010
               Episode_Reward/joint_pos: -0.0037
           Episode_Reward/joint_torques: -0.0002
               Episode_Reward/joint_vel: -0.0019
              Curriculum/terrain_levels: 0.0298
     Metrics/base_velocity/error_vel_xy: 0.0431
    Metrics/base_velocity/error_vel_yaw: 0.0280
           Episode_Termination/time_out: 0.0000
       Episode_Termination/body_contact: 1.0000
Episode_Termination/terrain_out_of_bounds: 0.0000
--------------------------------------------------------------------------------
                         Iteration time: 4.45s
                           Time elapsed: 00:00:29
                                    ETA: 03:17:41

################################################################################
[1m                           Learning iteration 6/20000                           [0m 

                            Total steps: 688128 
                       Steps per second: 21914 
                        Collection time: 4.388s 
                          Learning time: 0.098s 
                        Mean value loss: 0.0759
                    Mean surrogate loss: -0.0095
                      Mean entropy loss: 15.8582
                            Mean reward: 0.71
                    Mean episode length: 12.92
                        Mean action std: 0.90
                Episode_Reward/air_time: 0.0236
   Episode_Reward/base_angular_velocity: 0.0379
    Episode_Reward/base_linear_velocity: 0.0174
          Episode_Reward/foot_clearance: 0.0033
                    Episode_Reward/gait: 0.0507
       Episode_Reward/action_smoothness: -0.0528
       Episode_Reward/air_time_variance: -0.0000
             Episode_Reward/base_motion: -0.0364
        Episode_Reward/base_orientation: -0.0049
               Episode_Reward/foot_slip: -0.0016
               Episode_Reward/joint_acc: -0.0010
               Episode_Reward/joint_pos: -0.0038
           Episode_Reward/joint_torques: -0.0002
               Episode_Reward/joint_vel: -0.0019
              Curriculum/terrain_levels: 0.0068
     Metrics/base_velocity/error_vel_xy: 0.0444
    Metrics/base_velocity/error_vel_yaw: 0.0282
           Episode_Termination/time_out: 0.0000
       Episode_Termination/body_contact: 1.0000
Episode_Termination/terrain_out_of_bounds: 0.0000
--------------------------------------------------------------------------------
                         Iteration time: 4.49s
                           Time elapsed: 00:00:33
                                    ETA: 02:57:12

################################################################################
[1m                           Learning iteration 7/20000                           [0m 

                            Total steps: 786432 
                       Steps per second: 21569 
                        Collection time: 4.458s 
                          Learning time: 0.100s 
                        Mean value loss: 0.0814
                    Mean surrogate loss: -0.0094
                      Mean entropy loss: 15.6248
                            Mean reward: 0.76
                    Mean episode length: 13.36
                        Mean action std: 0.88
                Episode_Reward/air_time: 0.0240
   Episode_Reward/base_angular_velocity: 0.0383
    Episode_Reward/base_linear_velocity: 0.0180
          Episode_Reward/foot_clearance: 0.0034
                    Episode_Reward/gait: 0.0518
       Episode_Reward/action_smoothness: -0.0524
       Episode_Reward/air_time_variance: -0.0000
             Episode_Reward/base_motion: -0.0361
        Episode_Reward/base_orientation: -0.0050
               Episode_Reward/foot_slip: -0.0017
               Episode_Reward/joint_acc: -0.0010
               Episode_Reward/joint_pos: -0.0038
           Episode_Reward/joint_torques: -0.0002
               Episode_Reward/joint_vel: -0.0019
              Curriculum/terrain_levels: 0.0016
     Metrics/base_velocity/error_vel_xy: 0.0447
    Metrics/base_velocity/error_vel_yaw: 0.0292
           Episode_Termination/time_out: 0.0000
       Episode_Termination/body_contact: 1.0000
Episode_Termination/terrain_out_of_bounds: 0.0000
--------------------------------------------------------------------------------
                         Iteration time: 4.56s
                           Time elapsed: 00:00:38
                                    ETA: 02:44:48

################################################################################
[1m                           Learning iteration 8/20000                           [0m 

                            Total steps: 884736 
                       Steps per second: 21240 
                        Collection time: 4.527s 
                          Learning time: 0.101s 
                        Mean value loss: 0.0885
                    Mean surrogate loss: -0.0091
                      Mean entropy loss: 15.4077
                            Mean reward: 0.82
                    Mean episode length: 15.27
                        Mean action std: 0.87
                Episode_Reward/air_time: 0.0239
   Episode_Reward/base_angular_velocity: 0.0392
    Episode_Reward/base_linear_velocity: 0.0184
          Episode_Reward/foot_clearance: 0.0035
                    Episode_Reward/gait: 0.0527
       Episode_Reward/action_smoothness: -0.0521
       Episode_Reward/air_time_variance: -0.0000
             Episode_Reward/base_motion: -0.0358
        Episode_Reward/base_orientation: -0.0050
               Episode_Reward/foot_slip: -0.0018
               Episode_Reward/joint_acc: -0.0010
               Episode_Reward/joint_pos: -0.0039
           Episode_Reward/joint_torques: -0.0002
               Episode_Reward/joint_vel: -0.0019
              Curriculum/terrain_levels: 0.0004
     Metrics/base_velocity/error_vel_xy: 0.0451
    Metrics/base_velocity/error_vel_yaw: 0.0292
           Episode_Termination/time_out: 0.0000
       Episode_Termination/body_contact: 1.0000
Episode_Termination/terrain_out_of_bounds: 0.0000
--------------------------------------------------------------------------------
                         Iteration time: 4.63s
                           Time elapsed: 00:00:43
                                    ETA: 02:37:45

################################################################################
[1m                           Learning iteration 9/20000                           [0m 

                            Total steps: 983040 
                       Steps per second: 21039 
                        Collection time: 4.574s 
                          Learning time: 0.099s 
                        Mean value loss: 0.0979
                    Mean surrogate loss: -0.0090
                      Mean entropy loss: 15.1918
                            Mean reward: 0.93
                    Mean episode length: 13.72
                        Mean action std: 0.85
                Episode_Reward/air_time: 0.0246
   Episode_Reward/base_angular_velocity: 0.0405
    Episode_Reward/base_linear_velocity: 0.0187
          Episode_Reward/foot_clearance: 0.0036
                    Episode_Reward/gait: 0.0541
       Episode_Reward/action_smoothness: -0.0528
       Episode_Reward/air_time_variance: -0.0001
             Episode_Reward/base_motion: -0.0360
        Episode_Reward/base_orientation: -0.0054
               Episode_Reward/foot_slip: -0.0019
               Episode_Reward/joint_acc: -0.0010
               Episode_Reward/joint_pos: -0.0039
           Episode_Reward/joint_torques: -0.0002
               Episode_Reward/joint_vel: -0.0019
              Curriculum/terrain_levels: 0.0000
     Metrics/base_velocity/error_vel_xy: 0.0470
    Metrics/base_velocity/error_vel_yaw: 0.0301
           Episode_Termination/time_out: 0.0000
       Episode_Termination/body_contact: 1.0000
Episode_Termination/terrain_out_of_bounds: 0.0000
--------------------------------------------------------------------------------
                         Iteration time: 4.67s
                           Time elapsed: 00:00:47
                                    ETA: 02:33:34

################################################################################
[1m                          Learning iteration 10/20000                           [0m 

                            Total steps: 1081344 
                       Steps per second: 20464 
                        Collection time: 4.705s 
                          Learning time: 0.099s 
                        Mean value loss: 0.1129
                    Mean surrogate loss: -0.0089
                      Mean entropy loss: 14.9759
                            Mean reward: 0.89
                    Mean episode length: 13.49
                        Mean action std: 0.84
                Episode_Reward/air_time: 0.0245
   Episode_Reward/base_angular_velocity: 0.0411
    Episode_Reward/base_linear_velocity: 0.0191
          Episode_Reward/foot_clearance: 0.0036
                    Episode_Reward/gait: 0.0547
       Episode_Reward/action_smoothness: -0.0521
       Episode_Reward/air_time_variance: -0.0001
             Episode_Reward/base_motion: -0.0356
        Episode_Reward/base_orientation: -0.0054
               Episode_Reward/foot_slip: -0.0020
               Episode_Reward/joint_acc: -0.0010
               Episode_Reward/joint_pos: -0.0040
           Episode_Reward/joint_torques: -0.0002
               Episode_Reward/joint_vel: -0.0019
              Curriculum/terrain_levels: 0.0000
     Metrics/base_velocity/error_vel_xy: 0.0471
    Metrics/base_velocity/error_vel_yaw: 0.0299
           Episode_Termination/time_out: 0.0000
       Episode_Termination/body_contact: 1.0000
Episode_Termination/terrain_out_of_bounds: 0.0000
--------------------------------------------------------------------------------
                         Iteration time: 4.80s
                           Time elapsed: 00:00:52
                                    ETA: 02:34:07
Loading user config located at: '/home/hp/IsaacSim/kit/data/Kit/Isaac-Sim/5.1/user.config.json'
[Info] [carb] Logging to file: /home/hp/IsaacSim/kit/logs/Kit/Isaac-Sim/5.1/kit_20260426_161834.log
2026-04-26T10:48:34Z [234ms] [Warning] [omni.usd_config.extension] Enable omni.materialx.libs extension to use MaterialX
2026-04-26T10:48:34Z [472ms] [Warning] [carb] Acquiring non optional plugin interface which is not listed as dependency: [omni::physx::IPhysxBenchmarks v1.0] (plugin: <default plugin>), by client: omni.physics.physx.plugin. Add it to CARB_PLUGIN_IMPL_DEPS() macro of a client.
2026-04-26T10:48:34Z [583ms] [Warning] [omni.isaac.dynamic_control] omni.isaac.dynamic_control is deprecated as of Isaac Sim 4.5. No action is needed from end-users.

|---------------------------------------------------------------------------------------------|
| Driver Version: 580.126.09    | Graphics API: Vulkan
|=============================================================================================|
| GPU | Name                             | Active | LDA | GPU Memory | Vendor-ID | LUID       |
|     |                                  |        |     |            | Device-ID | UUID       |
|     |                                  |        |     |            | Bus-ID    |            |
|---------------------------------------------------------------------------------------------|
| 0   | NVIDIA RTX PRO 4000 Blackwell .. | Yes: 0 |     | 16303   MB | 10de      | 0          |
|     |                                  |        |     |            | 2c39      | 25542fce.. |
|     |                                  |        |     |            | 2         |            |
|=============================================================================================|
| OS: 22.04.5 LTS (Jammy Jellyfish) ubuntu, Version: 22.04.5, Kernel: 6.8.0-101-generic
| XServer Vendor: The X.Org Foundation, XServer Version: 12101004 (1.21.1.4)
| Processor: Intel(R) Core(TM) Ultra 9 285HX
| Cores: 24 | Logical Cores: 24
|---------------------------------------------------------------------------------------------|
| Total Memory (MB): 128235 | Free Memory: 115324
| Total Page/Swap (MB): 2047 | Free Page/Swap: 2047
|---------------------------------------------------------------------------------------------|
2026-04-26T10:48:36Z [2,410ms] [Warning] [gpu.foundation.plugin] CPU performance profile is set to powersave. This profile sets the CPU to the lowest frequency reducing performance.
2026-04-26T10:48:36Z [2,421ms] [Warning] [gpu.foundation.plugin] IOMMU is enabled.
2026-04-26T10:48:44Z [9,832ms] [Warning] [omni.physx.fabric.plugin] FabricManager::initializePointInstancer mismatched prototypes on point instancer: /Visuals/TerrainOrigin.
2026-04-26T10:48:45Z [11,192ms] [Warning] [omni.physx.fabric.plugin] FabricManager::initializePointInstancer mismatched prototypes on point instancer: /Visuals/Command/velocity_current.
2026-04-26T10:48:45Z [11,192ms] [Warning] [omni.physx.fabric.plugin] FabricManager::initializePointInstancer mismatched prototypes on point instancer: /Visuals/Command/velocity_goal.
2026-04-26T10:49:44Z [70,319ms] [Error] [carb] 

../../../source/plugins/carb.tasking/Mutex.cpp(103): void carb::tasking::Mutex::lock()(): Assertion (m_recursive) failed: Recursion not allowed

Assertion Failed!
The following assertion condition failed in the process 441696:
	'm_recursive'

at the location:
	'../../../source/plugins/carb.tasking/Mutex.cpp'
	on line 103
	 in void carb::tasking::Mutex::lock()()

with the message:
	"Recursion not allowed"

Press ABORT to exit.
Press RETRY to debug (attach a debugger first).
Press IGNORE to attempt to continue.
